  pch.cpp
  CAddStuDlg.cpp
  CAwardManageDlg.cpp
  CDisplayView.cpp
  CLoginDlg.cpp
  CProjectManageDlg.cpp
  CScoreManageDlg.cpp
  CSelectView.cpp
  CStuFindDlg.cpp
Z:\PerformanceManagementSystem\素质类项目成绩管理系统\素质类项目成绩管理系统\CStuFindDlg.cpp(265,13): warning C4002: 类函数宏的调用“_T”参数过多
  (编译源文件“/CStuFindDlg.cpp”)
  
  CStuManageDlg.cpp
  CStuShowDlg.cpp
  CTermManageDlg.cpp
  CThesisManageDlg.cpp
  CUserDlg.cpp
  InfoFile.cpp
Z:\PerformanceManagementSystem\素质类项目成绩管理系统\素质类项目成绩管理系统\InfoFile.cpp(139,47): warning C4244: “=”: 从“int”转换到“float”，可能丢失数据
  (编译源文件“/InfoFile.cpp”)
  
  List.cpp
  MainFrm.cpp
Z:\PerformanceManagementSystem\素质类项目成绩管理系统\素质类项目成绩管理系统\MainFrm.cpp(72,38): warning C4311: “类型强制转换”: 从“HICON”到“LONG”的指针截断
  (编译源文件“/MainFrm.cpp”)
  
Z:\PerformanceManagementSystem\素质类项目成绩管理系统\素质类项目成绩管理系统\MainFrm.cpp(72,38): warning C4302: “类型强制转换”: 从“HICON”到“LONG”截断
  (编译源文件“/MainFrm.cpp”)
  
  md5.cpp
  TabSheet.cpp
  素质类项目成绩管理系统.cpp
  素质类项目成绩管理系统Doc.cpp
  正在生成代码...
  正在编译...
  素质类项目成绩管理系统View.cpp
  正在生成代码...
  素质类项目成绩管理系统.vcxproj -> Z:\PerformanceManagementSystem\素质类项目成绩管理系统\x64\Debug\素质类项目成绩管理系统.exe
