z:\performancemanagementsystem\素质类项目成绩管理系统\素质类项目成绩管理系统\x64\debug\vc143_tmp.pdb
z:\performancemanagementsystem\素质类项目成绩管理系统\素质类项目成绩管理系统\x64\debug\vc143_tmp.idb
z:\performancemanagementsystem\素质类项目成绩管理系统\素质类项目成绩管理系统\x64\debug\tabsheet.obj
z:\performancemanagementsystem\素质类项目成绩管理系统\素质类项目成绩管理系统\x64\debug\md5.obj
z:\performancemanagementsystem\素质类项目成绩管理系统\素质类项目成绩管理系统\x64\debug\mainfrm.obj
z:\performancemanagementsystem\素质类项目成绩管理系统\素质类项目成绩管理系统\x64\debug\list.obj
z:\performancemanagementsystem\素质类项目成绩管理系统\素质类项目成绩管理系统\x64\debug\infofile.obj
z:\performancemanagementsystem\素质类项目成绩管理系统\素质类项目成绩管理系统\x64\debug\cuserdlg.obj
z:\performancemanagementsystem\素质类项目成绩管理系统\素质类项目成绩管理系统\x64\debug\cthesismanagedlg.obj
z:\performancemanagementsystem\素质类项目成绩管理系统\素质类项目成绩管理系统\x64\debug\ctermmanagedlg.obj
z:\performancemanagementsystem\素质类项目成绩管理系统\素质类项目成绩管理系统\x64\debug\cstushowdlg.obj
z:\performancemanagementsystem\素质类项目成绩管理系统\素质类项目成绩管理系统\x64\debug\cstumanagedlg.obj
z:\performancemanagementsystem\素质类项目成绩管理系统\素质类项目成绩管理系统\x64\debug\cstufinddlg.obj
z:\performancemanagementsystem\素质类项目成绩管理系统\素质类项目成绩管理系统\x64\debug\cselectview.obj
z:\performancemanagementsystem\素质类项目成绩管理系统\素质类项目成绩管理系统\x64\debug\cscoremanagedlg.obj
z:\performancemanagementsystem\素质类项目成绩管理系统\素质类项目成绩管理系统\x64\debug\cprojectmanagedlg.obj
z:\performancemanagementsystem\素质类项目成绩管理系统\素质类项目成绩管理系统\x64\debug\clogindlg.obj
z:\performancemanagementsystem\素质类项目成绩管理系统\素质类项目成绩管理系统\x64\debug\cdisplayview.obj
z:\performancemanagementsystem\素质类项目成绩管理系统\素质类项目成绩管理系统\x64\debug\cawardmanagedlg.obj
z:\performancemanagementsystem\素质类项目成绩管理系统\素质类项目成绩管理系统\x64\debug\caddthesisdlg.obj
z:\performancemanagementsystem\素质类项目成绩管理系统\素质类项目成绩管理系统\x64\debug\caddstudlg.obj
z:\performancemanagementsystem\素质类项目成绩管理系统\素质类项目成绩管理系统\x64\debug\caddscoredlg.obj
z:\performancemanagementsystem\素质类项目成绩管理系统\素质类项目成绩管理系统\x64\debug\素质类项目成绩管理系统view.obj
z:\performancemanagementsystem\素质类项目成绩管理系统\素质类项目成绩管理系统\x64\debug\素质类项目成绩管理系统doc.obj
z:\performancemanagementsystem\素质类项目成绩管理系统\素质类项目成绩管理系统\x64\debug\素质类项目成绩管理系统.obj
z:\performancemanagementsystem\素质类项目成绩管理系统\素质类项目成绩管理系统\x64\debug\caddprojectdlg.obj
z:\performancemanagementsystem\素质类项目成绩管理系统\素质类项目成绩管理系统\x64\debug\caddawarddlg.obj
z:\performancemanagementsystem\素质类项目成绩管理系统\素质类项目成绩管理系统\x64\debug\素质类项目成绩管理系统.pch
z:\performancemanagementsystem\素质类项目成绩管理系统\素质类项目成绩管理系统\x64\debug\pch.obj
z:\performancemanagementsystem\素质类项目成绩管理系统\x64\debug\素质类项目成绩管理系统.exe
z:\performancemanagementsystem\素质类项目成绩管理系统\x64\debug\素质类项目成绩管理系统.pdb
z:\performancemanagementsystem\素质类项目成绩管理系统\素质类项目成绩管理系统\x64\debug\my.res
z:\performancemanagementsystem\素质类项目成绩管理系统\素质类项目成绩管理系统\x64\debug\素质类项目成绩管理系统.ilk
z:\performancemanagementsystem\素质类项目成绩管理系统\素质类项目成绩管理系统\x64\debug\素质类项目成绩管理系统.tlog\cl.command.1.tlog
z:\performancemanagementsystem\素质类项目成绩管理系统\素质类项目成绩管理系统\x64\debug\素质类项目成绩管理系统.tlog\cl.items.tlog
z:\performancemanagementsystem\素质类项目成绩管理系统\素质类项目成绩管理系统\x64\debug\素质类项目成绩管理系统.tlog\cl.read.1.tlog
z:\performancemanagementsystem\素质类项目成绩管理系统\素质类项目成绩管理系统\x64\debug\素质类项目成绩管理系统.tlog\cl.write.1.tlog
z:\performancemanagementsystem\素质类项目成绩管理系统\素质类项目成绩管理系统\x64\debug\素质类项目成绩管理系统.tlog\link.command.1.tlog
z:\performancemanagementsystem\素质类项目成绩管理系统\素质类项目成绩管理系统\x64\debug\素质类项目成绩管理系统.tlog\link.read.1.tlog
z:\performancemanagementsystem\素质类项目成绩管理系统\素质类项目成绩管理系统\x64\debug\素质类项目成绩管理系统.tlog\link.secondary.1.tlog
z:\performancemanagementsystem\素质类项目成绩管理系统\素质类项目成绩管理系统\x64\debug\素质类项目成绩管理系统.tlog\link.write.1.tlog
z:\performancemanagementsystem\素质类项目成绩管理系统\素质类项目成绩管理系统\x64\debug\素质类项目成绩管理系统.tlog\rc.command.1.tlog
z:\performancemanagementsystem\素质类项目成绩管理系统\素质类项目成绩管理系统\x64\debug\素质类项目成绩管理系统.tlog\rc.read.1.tlog
z:\performancemanagementsystem\素质类项目成绩管理系统\素质类项目成绩管理系统\x64\debug\素质类项目成绩管理系统.tlog\rc.write.1.tlog
